date,modelAcc,bpiAcc,upsetAcc
2015-01-13,0.75,0.714285714
2015-01-14,0.691176470588235,0.735294117647059
2015-01-15,0.9,0.78
2015-01-16,1,0.857142857142857
2015-01-17,0.910344827586207,0.641379310344828
2015-01-18,0.944444444444444,0.555555555555556
2015-01-19,0.90625,0.65625
2015-01-20,1,0.65
2015-01-21,0.948717948717949,0.666666666666667
2015-01-22,0.975308641975309,0.691358024691358
2015-01-23,1,1
2015-01-24,0.708029197080292,0.678832116788321,0.136363636363636
2015-01-25,0.846153846153846,0.846153846153846,0
2015-01-26,0.666666666666667,0.625,0.222222222222222
2015-01-27,0.703703703703704,0.703703703703704,0
2015-01-28,0.666666666666667,0.622222222222222,0.176470588235294
2015-01-29,0.793650793650794,0.761904761904762,0.2
2015-01-30,0.666666666666667,0.75,0
2015-01-31,0.721854304635762,0.675496688741722,0.204081632653061
2015-02-02,0.842105263157895,0.736842105263158,0.4
2015-02-03,0.3125,0.6875,1
2015-02-04,0.729166666666667,0.708333333333333,0.0714285714285714
2015-02-05,0.672413793103448,0.655172413793103,0.1
2015-02-06,0.5,0.428571428571429,0.125
2015-02-07,0.569444444444444,0.701388888888889,0.651162790697674
2015-02-08,0.647058823529412,0.647058823529412,0.333333333333333
2015-02-09,0.545454545454545,0.5,0.0909090909090909
2015-02-10,0.71875,0.875,0
2015-02-11,0.595238095238095,0.738095238095238,0.363636363636364
2015-02-12,0.564516129032258,0.661290322580645,0.19047619047619
2015-02-13,0.733333333333333,0.666666666666667,0.2
2015-02-14,0.63768115942029,0.63768115942029,0.28
2015-02-15,0.708333333333333,0.75,0.333333333333333
2015-02-16,0.541666666666667,0.875,0.333333333333333
2015-02-17,0.772727272727273,0.863636363636364,0
2015-02-18,0.8,0.8,0.5
2015-02-19,0.723076923076923,0.753846153846154,0.3125
2015-02-20,0.714285714285714,0.857142857142857,0
